2024-11-26 18:06:00.347 [info] [main] Log level: Info
2024-11-26 18:06:00.347 [info] [main] Validating found git in: "git"
2024-11-26 18:06:00.405 [info] [main] Using git "2.39.5" from "git"
2024-11-26 18:06:00.405 [info] [Model][doInitialScan] Initial repository scan started
2024-11-26 18:06:00.406 [info] [Model][doInitialScan] Initial repository scan completed - repositories (0), closed repositories (0), parent repositories (0), unsafe repositories (0)
2024-11-26 18:06:33.597 [info] [main] Log level: Info
2024-11-26 18:06:33.597 [info] [main] Validating found git in: "git"
2024-11-26 18:06:33.597 [info] [main] Using git "2.39.5" from "git"
2024-11-26 18:06:33.597 [info] [Model][doInitialScan] Initial repository scan started
2024-11-26 18:06:33.597 [info] > git rev-parse --show-toplevel [23ms]
2024-11-26 18:06:33.597 [info] fatal: not a git repository (or any of the parent directories): .git
2024-11-26 18:06:33.629 [info] > git rev-parse --show-toplevel [20ms]
2024-11-26 18:06:33.629 [info] fatal: not a git repository (or any of the parent directories): .git
2024-11-26 18:06:33.637 [info] > git rev-parse --show-toplevel [2ms]
2024-11-26 18:06:33.637 [info] fatal: not a git repository (or any of the parent directories): .git
2024-11-26 18:06:33.638 [info] [Model][doInitialScan] Initial repository scan completed - repositories (0), closed repositories (0), parent repositories (0), unsafe repositories (0)
2024-11-26 18:06:39.188 [info] > git rev-parse --show-toplevel [2ms]
2024-11-26 18:06:39.189 [info] fatal: not a git repository (or any of the parent directories): .git
2024-11-26 18:06:59.763 [info] > git rev-parse --show-toplevel [3ms]
2024-11-26 18:06:59.763 [info] fatal: not a git repository (or any of the parent directories): .git
2024-11-26 18:07:00.874 [info] > git rev-parse --show-toplevel [3ms]
2024-11-26 18:07:00.874 [info] fatal: not a git repository (or any of the parent directories): .git
2024-11-26 18:07:19.148 [info] > git rev-parse --show-toplevel [2ms]
2024-11-26 18:07:19.148 [info] fatal: not a git repository (or any of the parent directories): .git
2024-11-26 18:08:29.454 [info] > git rev-parse --show-toplevel [2ms]
2024-11-26 18:08:29.454 [info] fatal: not a git repository (or any of the parent directories): .git
