2024-11-21 18:32:38.631 [info] Extension host with pid 271905 started
2024-11-21 18:32:38.663 [info] ExtensionService#_doActivateExtension vscode.git-base, startup: true, activationEvent: '*', root cause: vscode.git
2024-11-21 18:32:38.691 [info] ExtensionService#_doActivateExtension vscode.git, startup: true, activationEvent: '*'
2024-11-21 18:32:38.823 [info] ExtensionService#_doActivateExtension vscode.github, startup: true, activationEvent: '*'
2024-11-21 18:32:39.022 [info] Eager extensions activated
2024-11-21 18:32:39.046 [info] ExtensionService#_doActivateExtension vscode.debug-auto-launch, startup: false, activationEvent: 'onStartupFinished'
2024-11-21 18:32:39.051 [info] ExtensionService#_doActivateExtension vscode.merge-conflict, startup: false, activationEvent: 'onStartupFinished'
2024-11-21 18:32:44.645 [info] Extension host terminating: renderer closed the MessagePort
2024-11-21 18:32:44.661 [info] Extension host with pid 271905 exiting with code 0
2024-11-21 18:32:48.022 [info] Extension host with pid 271958 started
2024-11-21 18:32:48.022 [info] Skipping acquiring lock for /home/labib/.config/VSCodium/User/workspaceStorage/40dfc28cf9db3a0d9dadf3f49d1a4c9a.
2024-11-21 18:32:48.096 [info] ExtensionService#_doActivateExtension vscode.git-base, startup: true, activationEvent: '*', root cause: vscode.git
2024-11-21 18:32:48.120 [info] ExtensionService#_doActivateExtension vscode.git, startup: true, activationEvent: '*'
2024-11-21 18:32:48.296 [info] ExtensionService#_doActivateExtension vscode.github, startup: true, activationEvent: '*'
2024-11-21 18:32:49.448 [info] Eager extensions activated
2024-11-21 18:32:49.514 [info] ExtensionService#_doActivateExtension vscode.debug-auto-launch, startup: false, activationEvent: 'onStartupFinished'
2024-11-21 18:32:49.522 [info] ExtensionService#_doActivateExtension vscode.merge-conflict, startup: false, activationEvent: 'onStartupFinished'
2024-11-21 18:34:16.967 [info] ExtensionService#_doActivateExtension vscode.emmet, startup: false, activationEvent: 'onLanguage'
2024-11-21 18:38:27.759 [info] Extension host terminating: renderer closed the MessagePort
2024-11-21 18:38:27.786 [info] Extension host with pid 271958 exiting with code 0
