2024-10-10 23:50:33.404 [info] Extension host with pid 15994 started
2024-10-10 23:50:33.478 [info] ExtensionService#_doActivateExtension vscode.git-base, startup: true, activationEvent: '*', root cause: vscode.git
2024-10-10 23:50:33.514 [info] ExtensionService#_doActivateExtension vscode.git, startup: true, activationEvent: '*'
2024-10-10 23:50:33.702 [info] ExtensionService#_doActivateExtension vscode.github, startup: true, activationEvent: '*'
2024-10-10 23:50:33.846 [info] Eager extensions activated
2024-10-10 23:50:33.890 [info] ExtensionService#_doActivateExtension vscode.debug-auto-launch, startup: false, activationEvent: 'onStartupFinished'
2024-10-10 23:50:33.900 [info] ExtensionService#_doActivateExtension vscode.merge-conflict, startup: false, activationEvent: 'onStartupFinished'
2024-10-10 23:51:24.238 [info] Extension host terminating: renderer closed the MessagePort
2024-10-10 23:51:24.252 [info] Extension host with pid 15994 exiting with code 0
2024-10-10 23:51:26.967 [info] Extension host with pid 16749 started
2024-10-10 23:51:26.967 [info] Skipping acquiring lock for /home/labib/.config/VSCodium/User/workspaceStorage/ab3a20ab36b2ab1768a22e145d3ddccd.
2024-10-10 23:51:27.126 [info] ExtensionService#_doActivateExtension vscode.git-base, startup: true, activationEvent: '*', root cause: vscode.git
2024-10-10 23:51:27.156 [info] ExtensionService#_doActivateExtension vscode.git, startup: true, activationEvent: '*'
2024-10-10 23:51:27.387 [info] ExtensionService#_doActivateExtension vscode.github, startup: true, activationEvent: '*'
2024-10-10 23:51:27.626 [info] Eager extensions activated
2024-10-10 23:51:27.783 [info] ExtensionService#_doActivateExtension vscode.debug-auto-launch, startup: false, activationEvent: 'onStartupFinished'
2024-10-10 23:51:27.789 [info] ExtensionService#_doActivateExtension vscode.merge-conflict, startup: false, activationEvent: 'onStartupFinished'
2024-10-10 23:51:48.025 [info] ExtensionService#_doActivateExtension vscode.configuration-editing, startup: false, activationEvent: 'onLanguage:jsonc'
2024-10-10 23:51:48.083 [info] ExtensionService#_doActivateExtension vscode.json-language-features, startup: false, activationEvent: 'onLanguage:jsonc'
2024-10-10 23:51:48.557 [info] ExtensionService#_doActivateExtension vscode.typescript-language-features, startup: false, activationEvent: 'onLanguage:jsonc'
2024-10-10 23:51:48.745 [info] ExtensionService#_doActivateExtension vscode.emmet, startup: false, activationEvent: 'onLanguage'
