2024-11-26 18:56:49.415 [info] [main] Log level: Info
2024-11-26 18:56:49.415 [info] [main] Validating found git in: "git"
2024-11-26 18:56:49.415 [info] [main] Using git "2.39.5" from "git"
2024-11-26 18:56:49.415 [info] [Model][doInitialScan] Initial repository scan started
2024-11-26 18:56:49.415 [info] [Model][doInitialScan] Initial repository scan completed - repositories (0), closed repositories (0), parent repositories (0), unsafe repositories (0)
2024-11-26 18:57:22.412 [info] [main] Log level: Info
2024-11-26 18:57:22.412 [info] [main] Validating found git in: "git"
2024-11-26 18:57:22.412 [info] [main] Using git "2.39.5" from "git"
2024-11-26 18:57:22.412 [info] [Model][doInitialScan] Initial repository scan started
2024-11-26 18:57:22.412 [info] > git rev-parse --show-toplevel [5ms]
2024-11-26 18:57:22.412 [info] fatal: not a git repository (or any of the parent directories): .git
2024-11-26 18:57:22.412 [info] > git rev-parse --show-toplevel [5ms]
2024-11-26 18:57:22.412 [info] fatal: not a git repository (or any of the parent directories): .git
2024-11-26 18:57:22.412 [info] > git rev-parse --show-toplevel [3ms]
2024-11-26 18:57:22.412 [info] fatal: not a git repository (or any of the parent directories): .git
2024-11-26 18:57:22.416 [info] > git rev-parse --show-toplevel [9ms]
2024-11-26 18:57:22.416 [info] fatal: not a git repository (or any of the parent directories): .git
2024-11-26 18:57:22.417 [info] [Model][doInitialScan] Initial repository scan completed - repositories (0), closed repositories (0), parent repositories (0), unsafe repositories (0)
2024-11-26 18:57:23.538 [info] > git rev-parse --show-toplevel [80ms]
2024-11-26 18:57:23.538 [info] fatal: not a git repository (or any of the parent directories): .git
2024-11-26 18:57:23.557 [info] > git rev-parse --show-toplevel [4ms]
2024-11-26 18:57:23.558 [info] fatal: not a git repository (or any of the parent directories): .git
2024-11-26 18:57:24.219 [info] > git rev-parse --show-toplevel [6ms]
2024-11-26 18:57:24.219 [info] fatal: not a git repository (or any of the parent directories): .git
2024-11-26 18:59:32.538 [info] > git rev-parse --show-toplevel [3ms]
2024-11-26 18:59:32.538 [info] fatal: not a git repository (or any of the parent directories): .git
