2024-11-26 18:56:48.735 [info] Extension host with pid 46690 started
2024-11-26 18:56:48.816 [info] ExtensionService#_doActivateExtension vscode.git-base, startup: true, activationEvent: '*', root cause: vscode.git
2024-11-26 18:56:48.874 [info] ExtensionService#_doActivateExtension vscode.git, startup: true, activationEvent: '*'
2024-11-26 18:56:49.113 [info] ExtensionService#_doActivateExtension vscode.github, startup: true, activationEvent: '*'
2024-11-26 18:56:49.403 [info] Eager extensions activated
2024-11-26 18:56:49.533 [info] ExtensionService#_doActivateExtension vscode.debug-auto-launch, startup: false, activationEvent: 'onStartupFinished'
2024-11-26 18:56:49.543 [info] ExtensionService#_doActivateExtension vscode.merge-conflict, startup: false, activationEvent: 'onStartupFinished'
2024-11-26 18:57:18.962 [info] Extension host terminating: renderer closed the MessagePort
2024-11-26 18:57:18.976 [info] Extension host with pid 46690 exiting with code 0
2024-11-26 18:57:21.803 [info] Extension host with pid 46886 started
2024-11-26 18:57:21.803 [info] Skipping acquiring lock for /home/labib/.config/VSCodium/User/workspaceStorage/3c5dcff6476a017b0827159410cbc233.
2024-11-26 18:57:21.896 [info] ExtensionService#_doActivateExtension vscode.git-base, startup: true, activationEvent: '*', root cause: vscode.git
2024-11-26 18:57:21.923 [info] ExtensionService#_doActivateExtension vscode.git, startup: true, activationEvent: '*'
2024-11-26 18:57:22.102 [info] ExtensionService#_doActivateExtension vscode.github, startup: true, activationEvent: '*'
2024-11-26 18:57:22.335 [info] Eager extensions activated
2024-11-26 18:57:22.516 [info] ExtensionService#_doActivateExtension vscode.html-language-features, startup: false, activationEvent: 'onLanguage:html'
2024-11-26 18:57:23.084 [info] ExtensionService#_doActivateExtension vscode.emmet, startup: false, activationEvent: 'onLanguage'
2024-11-26 18:57:23.186 [info] ExtensionService#_doActivateExtension vscode.debug-auto-launch, startup: false, activationEvent: 'onStartupFinished'
2024-11-26 18:57:23.199 [info] ExtensionService#_doActivateExtension vscode.merge-conflict, startup: false, activationEvent: 'onStartupFinished'
2024-11-26 18:59:39.127 [info] Extension host terminating: renderer closed the MessagePort
2024-11-26 18:59:39.170 [info] Extension host with pid 46886 exiting with code 0
