2024-11-21 18:30:43.116 [info] Added views:outline in workbench.view.explorer
2024-11-21 18:30:43.116 [info] Added views:workbench.view.search in workbench.view.search
2024-11-21 18:30:43.116 [info] Added views:workbench.scm in workbench.view.scm
2024-11-21 18:30:43.116 [info] Added views:workbench.panel.markers.view in workbench.panel.markers
2024-11-21 18:30:43.116 [info] Added views:workbench.panel.output in workbench.panel.output
2024-11-21 18:30:43.116 [info] Added views:terminal in terminal
2024-11-21 18:30:43.116 [info] Added views:timeline in workbench.view.explorer
2024-11-21 18:30:43.116 [info] Added views:workbench.explorer.emptyView in workbench.view.explorer
2024-11-21 18:30:43.821 [info] Added views:workbench.debug.welcome in workbench.view.debug
2024-11-21 18:30:45.026 [info] Added views:~remote.forwardedPorts in ~remote.forwardedPortsContainer
2024-11-21 18:30:45.532 [info] Added views:workbench.panel.repl.view in workbench.panel.repl
2024-11-21 18:31:32.787 [info] Added views:outline in workbench.view.explorer
2024-11-21 18:31:32.787 [info] Added views:workbench.view.search in workbench.view.search
2024-11-21 18:31:32.787 [info] Added views:workbench.scm in workbench.view.scm
2024-11-21 18:31:32.787 [info] Added views:workbench.panel.markers.view in workbench.panel.markers
2024-11-21 18:31:32.787 [info] Added views:workbench.panel.output in workbench.panel.output
2024-11-21 18:31:32.787 [info] Added views:terminal in terminal
2024-11-21 18:31:32.787 [info] Added views:timeline in workbench.view.explorer
2024-11-21 18:31:32.787 [info] Added views:workbench.explorer.fileView in workbench.view.explorer
2024-11-21 18:31:33.489 [info] Added views:workbench.debug.variablesView,workbench.debug.watchExpressionsView,workbench.debug.callStackView,workbench.debug.breakPointsView in workbench.view.debug
2024-11-21 18:31:34.537 [info] Added views:workbench.panel.repl.view in workbench.panel.repl
2024-11-21 18:31:34.543 [info] Removed views:workbench.debug.breakPointsView,workbench.debug.callStackView,workbench.debug.watchExpressionsView,workbench.debug.variablesView from workbench.view.debug
2024-11-21 18:31:34.544 [info] Added views:workbench.debug.welcome in workbench.view.debug
2024-11-21 18:31:36.422 [info] Added views:~remote.forwardedPorts in ~remote.forwardedPortsContainer
