2024-11-21 18:30:46.117 [info] [main] Log level: Info
2024-11-21 18:30:46.117 [info] [main] Validating found git in: "git"
2024-11-21 18:30:46.117 [info] [main] Using git "2.39.5" from "git"
2024-11-21 18:30:46.117 [info] [Model][doInitialScan] Initial repository scan started
2024-11-21 18:30:46.117 [info] [Model][doInitialScan] Initial repository scan completed - repositories (0), closed repositories (0), parent repositories (0), unsafe repositories (0)
2024-11-21 18:31:35.019 [info] [main] Log level: Info
2024-11-21 18:31:35.019 [info] [main] Validating found git in: "git"
2024-11-21 18:31:35.019 [info] [main] Using git "2.39.5" from "git"
2024-11-21 18:31:35.019 [info] [Model][doInitialScan] Initial repository scan started
2024-11-21 18:31:35.019 [info] > git rev-parse --show-toplevel [26ms]
2024-11-21 18:31:35.019 [info] fatal: not a git repository (or any of the parent directories): .git
2024-11-21 18:31:35.056 [info] > git rev-parse --show-toplevel [1ms]
2024-11-21 18:31:35.056 [info] fatal: not a git repository (or any of the parent directories): .git
2024-11-21 18:31:35.065 [info] > git rev-parse --show-toplevel [2ms]
2024-11-21 18:31:35.065 [info] fatal: not a git repository (or any of the parent directories): .git
2024-11-21 18:31:35.075 [info] > git rev-parse --show-toplevel [4ms]
2024-11-21 18:31:35.075 [info] fatal: not a git repository (or any of the parent directories): .git
2024-11-21 18:31:35.083 [info] > git rev-parse --show-toplevel [2ms]
2024-11-21 18:31:35.083 [info] fatal: not a git repository (or any of the parent directories): .git
2024-11-21 18:31:35.091 [info] > git rev-parse --show-toplevel [2ms]
2024-11-21 18:31:35.091 [info] fatal: not a git repository (or any of the parent directories): .git
2024-11-21 18:31:35.099 [info] > git rev-parse --show-toplevel [1ms]
2024-11-21 18:31:35.099 [info] fatal: not a git repository (or any of the parent directories): .git
2024-11-21 18:31:35.106 [info] > git rev-parse --show-toplevel [2ms]
2024-11-21 18:31:35.106 [info] fatal: not a git repository (or any of the parent directories): .git
2024-11-21 18:31:35.114 [info] > git rev-parse --show-toplevel [3ms]
2024-11-21 18:31:35.114 [info] fatal: not a git repository (or any of the parent directories): .git
2024-11-21 18:31:35.122 [info] > git rev-parse --show-toplevel [1ms]
2024-11-21 18:31:35.122 [info] fatal: not a git repository (or any of the parent directories): .git
2024-11-21 18:31:35.129 [info] > git rev-parse --show-toplevel [2ms]
2024-11-21 18:31:35.129 [info] fatal: not a git repository (or any of the parent directories): .git
2024-11-21 18:31:35.136 [info] > git rev-parse --show-toplevel [2ms]
2024-11-21 18:31:35.136 [info] fatal: not a git repository (or any of the parent directories): .git
2024-11-21 18:31:35.144 [info] > git rev-parse --show-toplevel [2ms]
2024-11-21 18:31:35.144 [info] fatal: not a git repository (or any of the parent directories): .git
2024-11-21 18:31:35.153 [info] > git rev-parse --show-toplevel [2ms]
2024-11-21 18:31:35.153 [info] fatal: not a git repository (or any of the parent directories): .git
2024-11-21 18:31:35.162 [info] > git rev-parse --show-toplevel [2ms]
2024-11-21 18:31:35.162 [info] fatal: not a git repository (or any of the parent directories): .git
2024-11-21 18:31:35.172 [info] > git rev-parse --show-toplevel [2ms]
2024-11-21 18:31:35.172 [info] fatal: not a git repository (or any of the parent directories): .git
2024-11-21 18:31:35.180 [info] > git rev-parse --show-toplevel [2ms]
2024-11-21 18:31:35.180 [info] fatal: not a git repository (or any of the parent directories): .git
2024-11-21 18:31:35.188 [info] > git rev-parse --show-toplevel [1ms]
2024-11-21 18:31:35.188 [info] fatal: not a git repository (or any of the parent directories): .git
2024-11-21 18:31:35.196 [info] > git rev-parse --show-toplevel [2ms]
2024-11-21 18:31:35.196 [info] fatal: not a git repository (or any of the parent directories): .git
2024-11-21 18:31:35.203 [info] > git rev-parse --show-toplevel [2ms]
2024-11-21 18:31:35.203 [info] fatal: not a git repository (or any of the parent directories): .git
2024-11-21 18:31:35.211 [info] > git rev-parse --show-toplevel [2ms]
2024-11-21 18:31:35.211 [info] fatal: not a git repository (or any of the parent directories): .git
2024-11-21 18:31:35.218 [info] > git rev-parse --show-toplevel [2ms]
2024-11-21 18:31:35.218 [info] fatal: not a git repository (or any of the parent directories): .git
2024-11-21 18:31:35.225 [info] > git rev-parse --show-toplevel [1ms]
2024-11-21 18:31:35.226 [info] fatal: not a git repository (or any of the parent directories): .git
2024-11-21 18:31:35.232 [info] > git rev-parse --show-toplevel [1ms]
2024-11-21 18:31:35.233 [info] fatal: not a git repository (or any of the parent directories): .git
2024-11-21 18:31:35.242 [info] > git rev-parse --show-toplevel [2ms]
2024-11-21 18:31:35.242 [info] fatal: not a git repository (or any of the parent directories): .git
2024-11-21 18:31:35.249 [info] > git rev-parse --show-toplevel [2ms]
2024-11-21 18:31:35.249 [info] fatal: not a git repository (or any of the parent directories): .git
2024-11-21 18:31:35.259 [info] > git rev-parse --show-toplevel [2ms]
2024-11-21 18:31:35.259 [info] fatal: not a git repository (or any of the parent directories): .git
2024-11-21 18:31:35.266 [info] > git rev-parse --show-toplevel [2ms]
2024-11-21 18:31:35.266 [info] fatal: not a git repository (or any of the parent directories): .git
2024-11-21 18:31:35.273 [info] > git rev-parse --show-toplevel [2ms]
2024-11-21 18:31:35.273 [info] fatal: not a git repository (or any of the parent directories): .git
2024-11-21 18:31:35.281 [info] > git rev-parse --show-toplevel [2ms]
2024-11-21 18:31:35.281 [info] fatal: not a git repository (or any of the parent directories): .git
2024-11-21 18:31:35.289 [info] > git rev-parse --show-toplevel [2ms]
2024-11-21 18:31:35.289 [info] fatal: not a git repository (or any of the parent directories): .git
2024-11-21 18:31:35.297 [info] > git rev-parse --show-toplevel [2ms]
2024-11-21 18:31:35.297 [info] fatal: not a git repository (or any of the parent directories): .git
2024-11-21 18:31:35.304 [info] > git rev-parse --show-toplevel [2ms]
2024-11-21 18:31:35.304 [info] fatal: not a git repository (or any of the parent directories): .git
2024-11-21 18:31:35.313 [info] > git rev-parse --show-toplevel [1ms]
2024-11-21 18:31:35.313 [info] fatal: not a git repository (or any of the parent directories): .git
2024-11-21 18:31:35.320 [info] > git rev-parse --show-toplevel [2ms]
2024-11-21 18:31:35.321 [info] fatal: not a git repository (or any of the parent directories): .git
2024-11-21 18:31:35.328 [info] > git rev-parse --show-toplevel [2ms]
2024-11-21 18:31:35.328 [info] fatal: not a git repository (or any of the parent directories): .git
2024-11-21 18:31:35.335 [info] > git rev-parse --show-toplevel [2ms]
2024-11-21 18:31:35.335 [info] fatal: not a git repository (or any of the parent directories): .git
2024-11-21 18:31:35.343 [info] > git rev-parse --show-toplevel [1ms]
2024-11-21 18:31:35.343 [info] fatal: not a git repository (or any of the parent directories): .git
2024-11-21 18:31:35.350 [info] > git rev-parse --show-toplevel [1ms]
2024-11-21 18:31:35.350 [info] fatal: not a git repository (or any of the parent directories): .git
2024-11-21 18:31:35.357 [info] > git rev-parse --show-toplevel [2ms]
2024-11-21 18:31:35.357 [info] fatal: not a git repository (or any of the parent directories): .git
2024-11-21 18:31:35.365 [info] > git rev-parse --show-toplevel [2ms]
2024-11-21 18:31:35.365 [info] fatal: not a git repository (or any of the parent directories): .git
2024-11-21 18:31:35.372 [info] > git rev-parse --show-toplevel [2ms]
2024-11-21 18:31:35.372 [info] fatal: not a git repository (or any of the parent directories): .git
2024-11-21 18:31:35.380 [info] > git rev-parse --show-toplevel [1ms]
2024-11-21 18:31:35.380 [info] fatal: not a git repository (or any of the parent directories): .git
2024-11-21 18:31:35.388 [info] > git rev-parse --show-toplevel [1ms]
2024-11-21 18:31:35.388 [info] fatal: not a git repository (or any of the parent directories): .git
2024-11-21 18:31:35.395 [info] > git rev-parse --show-toplevel [2ms]
2024-11-21 18:31:35.395 [info] fatal: not a git repository (or any of the parent directories): .git
2024-11-21 18:31:35.403 [info] > git rev-parse --show-toplevel [2ms]
2024-11-21 18:31:35.403 [info] fatal: not a git repository (or any of the parent directories): .git
2024-11-21 18:31:35.411 [info] > git rev-parse --show-toplevel [2ms]
2024-11-21 18:31:35.411 [info] fatal: not a git repository (or any of the parent directories): .git
2024-11-21 18:31:35.419 [info] > git rev-parse --show-toplevel [1ms]
2024-11-21 18:31:35.420 [info] fatal: not a git repository (or any of the parent directories): .git
2024-11-21 18:31:35.427 [info] > git rev-parse --show-toplevel [2ms]
2024-11-21 18:31:35.427 [info] fatal: not a git repository (or any of the parent directories): .git
2024-11-21 18:31:35.438 [info] > git rev-parse --show-toplevel [2ms]
2024-11-21 18:31:35.438 [info] fatal: not a git repository (or any of the parent directories): .git
2024-11-21 18:31:35.447 [info] > git rev-parse --show-toplevel [2ms]
2024-11-21 18:31:35.447 [info] fatal: not a git repository (or any of the parent directories): .git
2024-11-21 18:31:35.455 [info] > git rev-parse --show-toplevel [2ms]
2024-11-21 18:31:35.455 [info] fatal: not a git repository (or any of the parent directories): .git
2024-11-21 18:31:35.464 [info] > git rev-parse --show-toplevel [2ms]
2024-11-21 18:31:35.464 [info] fatal: not a git repository (or any of the parent directories): .git
2024-11-21 18:31:35.465 [info] [Model][doInitialScan] Initial repository scan completed - repositories (0), closed repositories (0), parent repositories (0), unsafe repositories (0)
2024-11-21 18:31:36.445 [info] > git rev-parse --show-toplevel [3ms]
2024-11-21 18:31:36.445 [info] fatal: not a git repository (or any of the parent directories): .git
2024-11-21 18:31:37.077 [info] > git rev-parse --show-toplevel [2ms]
2024-11-21 18:31:37.077 [info] fatal: not a git repository (or any of the parent directories): .git
2024-11-21 18:31:37.117 [info] > git rev-parse --show-toplevel [1ms]
2024-11-21 18:31:37.118 [info] fatal: not a git repository (or any of the parent directories): .git
2024-11-21 18:31:45.826 [info] > git rev-parse --show-toplevel [2ms]
2024-11-21 18:31:45.826 [info] fatal: not a git repository (or any of the parent directories): .git
2024-11-21 18:32:45.047 [info] > git rev-parse --show-toplevel [211ms]
2024-11-21 18:32:45.047 [info] fatal: not a git repository (or any of the parent directories): .git
