2024-11-26 19:02:25.935 [info] [main] Log level: Info
2024-11-26 19:02:25.935 [info] [main] Validating found git in: "git"
2024-11-26 19:02:25.935 [info] [main] Using git "2.39.5" from "git"
2024-11-26 19:02:25.935 [info] [Model][doInitialScan] Initial repository scan started
2024-11-26 19:02:25.935 [info] > git rev-parse --show-toplevel [48ms]
2024-11-26 19:02:25.935 [info] fatal: not a git repository (or any of the parent directories): .git
2024-11-26 19:02:25.935 [info] > git rev-parse --show-toplevel [95ms]
2024-11-26 19:02:25.935 [info] fatal: not a git repository (or any of the parent directories): .git
2024-11-26 19:02:25.957 [info] > git rev-parse --show-toplevel [6ms]
2024-11-26 19:02:25.957 [info] fatal: not a git repository (or any of the parent directories): .git
2024-11-26 19:02:25.983 [info] > git rev-parse --show-toplevel [16ms]
2024-11-26 19:02:25.984 [info] fatal: not a git repository (or any of the parent directories): .git
2024-11-26 19:02:25.985 [info] [Model][doInitialScan] Initial repository scan completed - repositories (0), closed repositories (0), parent repositories (0), unsafe repositories (0)
2024-11-26 19:02:26.147 [info] > git rev-parse --show-toplevel [10ms]
2024-11-26 19:02:26.147 [info] fatal: not a git repository (or any of the parent directories): .git
2024-11-26 19:02:26.245 [info] > git rev-parse --show-toplevel [12ms]
2024-11-26 19:02:26.245 [info] fatal: not a git repository (or any of the parent directories): .git
2024-11-26 19:02:47.528 [info] > git rev-parse --show-toplevel [3ms]
2024-11-26 19:02:47.528 [info] fatal: not a git repository (or any of the parent directories): .git
2024-11-26 19:04:29.382 [info] > git rev-parse --show-toplevel [3ms]
2024-11-26 19:04:29.382 [info] fatal: not a git repository (or any of the parent directories): .git
2024-11-26 19:07:18.593 [info] > git rev-parse --show-toplevel [17ms]
2024-11-26 19:07:18.593 [info] fatal: not a git repository (or any of the parent directories): .git
2024-11-26 19:07:40.149 [info] > git rev-parse --show-toplevel [2ms]
2024-11-26 19:07:40.149 [info] fatal: not a git repository (or any of the parent directories): .git
2024-11-26 19:07:53.518 [info] > git rev-parse --show-toplevel [6ms]
2024-11-26 19:07:53.518 [info] fatal: not a git repository (or any of the parent directories): .git
2024-11-26 19:08:49.771 [info] > git rev-parse --show-toplevel [5ms]
2024-11-26 19:08:49.771 [info] fatal: not a git repository (or any of the parent directories): .git
2024-11-26 19:19:26.630 [info] > git rev-parse --show-toplevel [4ms]
2024-11-26 19:19:26.630 [info] fatal: not a git repository (or any of the parent directories): .git
2024-11-26 19:21:39.965 [info] > git rev-parse --show-toplevel [5ms]
2024-11-26 19:21:39.965 [info] fatal: not a git repository (or any of the parent directories): .git
2024-11-26 19:46:23.885 [info] > git rev-parse --show-toplevel [3ms]
2024-11-26 19:46:23.885 [info] fatal: not a git repository (or any of the parent directories): .git
2024-11-26 19:46:55.639 [info] > git rev-parse --show-toplevel [64ms]
2024-11-26 19:46:55.639 [info] fatal: not a git repository (or any of the parent directories): .git
2024-11-26 19:47:18.332 [info] > git rev-parse --show-toplevel [3ms]
2024-11-26 19:47:18.332 [info] fatal: not a git repository (or any of the parent directories): .git
