2024-11-27 15:11:11.146 [info] [main] Log level: Info
2024-11-27 15:11:11.146 [info] [main] Validating found git in: "git"
2024-11-27 15:11:12.028 [info] [main] Using git "2.39.5" from "git"
2024-11-27 15:11:12.028 [info] [Model][doInitialScan] Initial repository scan started
2024-11-27 15:11:12.227 [info] > git rev-parse --show-toplevel [160ms]
2024-11-27 15:11:12.227 [info] fatal: not a git repository (or any of the parent directories): .git
2024-11-27 15:11:12.518 [info] > git rev-parse --show-toplevel [16ms]
2024-11-27 15:11:12.518 [info] fatal: not a git repository (or any of the parent directories): .git
2024-11-27 15:11:12.532 [info] > git rev-parse --show-toplevel [3ms]
2024-11-27 15:11:12.532 [info] fatal: not a git repository (or any of the parent directories): .git
2024-11-27 15:11:12.543 [info] > git rev-parse --show-toplevel [3ms]
2024-11-27 15:11:12.543 [info] fatal: not a git repository (or any of the parent directories): .git
2024-11-27 15:11:12.552 [info] > git rev-parse --show-toplevel [2ms]
2024-11-27 15:11:12.552 [info] fatal: not a git repository (or any of the parent directories): .git
2024-11-27 15:11:12.562 [info] > git rev-parse --show-toplevel [2ms]
2024-11-27 15:11:12.562 [info] fatal: not a git repository (or any of the parent directories): .git
2024-11-27 15:11:12.571 [info] > git rev-parse --show-toplevel [2ms]
2024-11-27 15:11:12.571 [info] fatal: not a git repository (or any of the parent directories): .git
2024-11-27 15:11:12.580 [info] > git rev-parse --show-toplevel [2ms]
2024-11-27 15:11:12.581 [info] fatal: not a git repository (or any of the parent directories): .git
2024-11-27 15:11:12.590 [info] > git rev-parse --show-toplevel [2ms]
2024-11-27 15:11:12.590 [info] fatal: not a git repository (or any of the parent directories): .git
2024-11-27 15:11:12.601 [info] > git rev-parse --show-toplevel [2ms]
2024-11-27 15:11:12.601 [info] fatal: not a git repository (or any of the parent directories): .git
2024-11-27 15:11:12.602 [info] [Model][doInitialScan] Initial repository scan completed - repositories (0), closed repositories (0), parent repositories (0), unsafe repositories (0)
2024-11-27 15:12:03.571 [info] > git rev-parse --show-toplevel [3ms]
2024-11-27 15:12:03.571 [info] fatal: not a git repository (or any of the parent directories): .git
