2024-11-26 18:04:45.502 [info] [main] Log level: Info
2024-11-26 18:04:45.502 [info] [main] Validating found git in: "git"
2024-11-26 18:04:45.621 [info] [main] Using git "2.39.5" from "git"
2024-11-26 18:04:45.621 [info] [Model][doInitialScan] Initial repository scan started
2024-11-26 18:04:45.676 [info] > git rev-parse --show-toplevel [25ms]
2024-11-26 18:04:45.676 [info] fatal: not a git repository (or any of the parent directories): .git
2024-11-26 18:04:45.696 [info] > git rev-parse --show-toplevel [4ms]
2024-11-26 18:04:45.696 [info] fatal: not a git repository (or any of the parent directories): .git
2024-11-26 18:04:46.112 [info] > git rev-parse --show-toplevel [4ms]
2024-11-26 18:04:46.112 [info] fatal: not a git repository (or any of the parent directories): .git
2024-11-26 18:04:46.123 [info] > git rev-parse --show-toplevel [2ms]
2024-11-26 18:04:46.124 [info] fatal: not a git repository (or any of the parent directories): .git
2024-11-26 18:04:46.132 [info] > git rev-parse --show-toplevel [2ms]
2024-11-26 18:04:46.132 [info] fatal: not a git repository (or any of the parent directories): .git
2024-11-26 18:04:46.140 [info] > git rev-parse --show-toplevel [2ms]
2024-11-26 18:04:46.140 [info] fatal: not a git repository (or any of the parent directories): .git
2024-11-26 18:04:46.149 [info] > git rev-parse --show-toplevel [2ms]
2024-11-26 18:04:46.149 [info] fatal: not a git repository (or any of the parent directories): .git
2024-11-26 18:04:46.157 [info] > git rev-parse --show-toplevel [2ms]
2024-11-26 18:04:46.157 [info] fatal: not a git repository (or any of the parent directories): .git
2024-11-26 18:04:46.166 [info] > git rev-parse --show-toplevel [2ms]
2024-11-26 18:04:46.167 [info] fatal: not a git repository (or any of the parent directories): .git
2024-11-26 18:04:46.168 [info] [Model][doInitialScan] Initial repository scan completed - repositories (0), closed repositories (0), parent repositories (0), unsafe repositories (0)
