2024-11-26 18:05:50.971 [info] Added views:outline in workbench.view.explorer
2024-11-26 18:05:50.971 [info] Added views:workbench.view.search in workbench.view.search
2024-11-26 18:05:50.971 [info] Added views:workbench.scm in workbench.view.scm
2024-11-26 18:05:50.971 [info] Added views:workbench.panel.markers.view in workbench.panel.markers
2024-11-26 18:05:50.971 [info] Added views:workbench.panel.output in workbench.panel.output
2024-11-26 18:05:50.971 [info] Added views:terminal in terminal
2024-11-26 18:05:50.971 [info] Added views:timeline in workbench.view.explorer
2024-11-26 18:05:50.971 [info] Added views:workbench.explorer.emptyView in workbench.view.explorer
2024-11-26 18:05:55.132 [info] Added views:workbench.debug.variablesView,workbench.debug.watchExpressionsView,workbench.debug.callStackView,workbench.debug.breakPointsView in workbench.view.debug
2024-11-26 18:05:55.140 [info] Added views:~remote.forwardedPorts in ~remote.forwardedPortsContainer
2024-11-26 18:06:00.150 [info] Added views:workbench.panel.repl.view in workbench.panel.repl
2024-11-26 18:06:00.155 [info] Removed views:workbench.debug.breakPointsView,workbench.debug.callStackView,workbench.debug.watchExpressionsView,workbench.debug.variablesView from workbench.view.debug
2024-11-26 18:06:00.156 [info] Added views:workbench.debug.welcome in workbench.view.debug
2024-11-26 18:06:29.139 [info] Added views:outline in workbench.view.explorer
2024-11-26 18:06:29.139 [info] Added views:workbench.view.search in workbench.view.search
2024-11-26 18:06:29.139 [info] Added views:workbench.scm in workbench.view.scm
2024-11-26 18:06:29.139 [info] Added views:workbench.panel.markers.view in workbench.panel.markers
2024-11-26 18:06:29.139 [info] Added views:workbench.panel.output in workbench.panel.output
2024-11-26 18:06:29.139 [info] Added views:terminal in terminal
2024-11-26 18:06:29.139 [info] Added views:timeline in workbench.view.explorer
2024-11-26 18:06:29.139 [info] Added views:workbench.explorer.fileView in workbench.view.explorer
2024-11-26 18:06:29.810 [info] Added views:workbench.debug.variablesView,workbench.debug.watchExpressionsView,workbench.debug.callStackView,workbench.debug.breakPointsView in workbench.view.debug
2024-11-26 18:06:30.812 [info] Added views:~remote.forwardedPorts in ~remote.forwardedPortsContainer
2024-11-26 18:06:33.232 [info] Added views:workbench.panel.repl.view in workbench.panel.repl
2024-11-26 18:06:33.234 [info] Removed views:workbench.debug.breakPointsView,workbench.debug.callStackView,workbench.debug.watchExpressionsView,workbench.debug.variablesView from workbench.view.debug
2024-11-26 18:06:33.236 [info] Added views:workbench.debug.welcome in workbench.view.debug
