2024-10-10 23:50:32.060 [info] Added views:outline in workbench.view.explorer
2024-10-10 23:50:32.060 [info] Added views:workbench.view.search in workbench.view.search
2024-10-10 23:50:32.060 [info] Added views:workbench.scm in workbench.view.scm
2024-10-10 23:50:32.060 [info] Added views:workbench.panel.markers.view in workbench.panel.markers
2024-10-10 23:50:32.060 [info] Added views:workbench.panel.output in workbench.panel.output
2024-10-10 23:50:32.060 [info] Added views:terminal in terminal
2024-10-10 23:50:32.060 [info] Added views:timeline in workbench.view.explorer
2024-10-10 23:50:32.060 [info] Added views:workbench.explorer.emptyView in workbench.view.explorer
2024-10-10 23:50:33.017 [info] Added views:workbench.debug.variablesView,workbench.debug.watchExpressionsView,workbench.debug.callStackView,workbench.debug.breakPointsView in workbench.view.debug
2024-10-10 23:50:33.471 [info] Added views:workbench.panel.repl.view in workbench.panel.repl
2024-10-10 23:50:33.473 [info] Removed views:workbench.debug.breakPointsView,workbench.debug.callStackView,workbench.debug.watchExpressionsView,workbench.debug.variablesView from workbench.view.debug
2024-10-10 23:50:33.475 [info] Added views:workbench.debug.welcome in workbench.view.debug
2024-10-10 23:50:33.581 [info] Added views:~remote.forwardedPorts in ~remote.forwardedPortsContainer
2024-10-10 23:51:25.372 [info] Added views:outline in workbench.view.explorer
2024-10-10 23:51:25.372 [info] Added views:workbench.view.search in workbench.view.search
2024-10-10 23:51:25.372 [info] Added views:workbench.scm in workbench.view.scm
2024-10-10 23:51:25.372 [info] Added views:workbench.panel.markers.view in workbench.panel.markers
2024-10-10 23:51:25.372 [info] Added views:workbench.panel.output in workbench.panel.output
2024-10-10 23:51:25.372 [info] Added views:terminal in terminal
2024-10-10 23:51:25.372 [info] Added views:timeline in workbench.view.explorer
2024-10-10 23:51:25.372 [info] Added views:workbench.explorer.fileView in workbench.view.explorer
2024-10-10 23:51:26.400 [info] Added views:workbench.debug.variablesView,workbench.debug.watchExpressionsView,workbench.debug.callStackView,workbench.debug.breakPointsView in workbench.view.debug
2024-10-10 23:51:26.859 [info] Added views:~remote.forwardedPorts in ~remote.forwardedPortsContainer
2024-10-10 23:51:27.120 [info] Added views:workbench.panel.repl.view in workbench.panel.repl
2024-10-10 23:51:27.122 [info] Removed views:workbench.debug.breakPointsView,workbench.debug.callStackView,workbench.debug.watchExpressionsView,workbench.debug.variablesView from workbench.view.debug
2024-10-10 23:51:27.125 [info] Added views:workbench.debug.welcome in workbench.view.debug
