2024-11-26 18:06:00.124 [info] Extension host with pid 42281 started
2024-11-26 18:06:00.158 [info] ExtensionService#_doActivateExtension vscode.git-base, startup: true, activationEvent: '*', root cause: vscode.git
2024-11-26 18:06:00.172 [info] ExtensionService#_doActivateExtension vscode.git, startup: true, activationEvent: '*'
2024-11-26 18:06:00.283 [info] ExtensionService#_doActivateExtension vscode.github, startup: true, activationEvent: '*'
2024-11-26 18:06:00.411 [info] Eager extensions activated
2024-11-26 18:06:00.432 [info] ExtensionService#_doActivateExtension vscode.debug-auto-launch, startup: false, activationEvent: 'onStartupFinished'
2024-11-26 18:06:00.445 [info] ExtensionService#_doActivateExtension vscode.merge-conflict, startup: false, activationEvent: 'onStartupFinished'
2024-11-26 18:06:27.505 [info] Extension host terminating: renderer closed the MessagePort
2024-11-26 18:06:27.513 [info] Extension host with pid 42281 exiting with code 0
2024-11-26 18:06:33.212 [info] Extension host with pid 42378 started
2024-11-26 18:06:33.212 [info] Skipping acquiring lock for /home/labib/.config/VSCodium/User/workspaceStorage/127087e0a70e02f5e19bf9451f52beb3.
2024-11-26 18:06:33.239 [info] ExtensionService#_doActivateExtension vscode.git-base, startup: true, activationEvent: '*', root cause: vscode.git
2024-11-26 18:06:33.249 [info] ExtensionService#_doActivateExtension vscode.git, startup: true, activationEvent: '*'
2024-11-26 18:06:33.359 [info] ExtensionService#_doActivateExtension vscode.github, startup: true, activationEvent: '*'
2024-11-26 18:06:33.483 [info] Eager extensions activated
2024-11-26 18:06:33.529 [info] ExtensionService#_doActivateExtension vscode.debug-auto-launch, startup: false, activationEvent: 'onStartupFinished'
2024-11-26 18:06:33.533 [info] ExtensionService#_doActivateExtension vscode.merge-conflict, startup: false, activationEvent: 'onStartupFinished'
2024-11-26 18:06:39.645 [info] ExtensionService#_doActivateExtension vscode.typescript-language-features, startup: false, activationEvent: 'onLanguage:javascript'
2024-11-26 18:06:40.157 [info] ExtensionService#_doActivateExtension vscode.emmet, startup: false, activationEvent: 'onLanguage'
2024-11-26 18:07:19.239 [info] ExtensionService#_doActivateExtension vscode.configuration-editing, startup: false, activationEvent: 'onLanguage:json'
2024-11-26 18:07:19.413 [info] ExtensionService#_doActivateExtension vscode.extension-editing, startup: false, activationEvent: 'onLanguage:json'
2024-11-26 18:07:19.585 [info] ExtensionService#_doActivateExtension vscode.json-language-features, startup: false, activationEvent: 'onLanguage:json'
2024-11-26 18:07:20.052 [info] ExtensionService#_doActivateExtension vscode.npm, startup: false, activationEvent: 'onLanguage:json'
2024-11-26 18:08:50.778 [info] Extension host terminating: renderer closed the MessagePort
2024-11-26 18:08:50.811 [info] Extension host with pid 42378 exiting with code 0
