2024-11-21 18:24:09.870 [info] [main] Log level: Info
2024-11-21 18:24:09.870 [info] [main] Validating found git in: "git"
2024-11-21 18:24:09.982 [info] [main] Using git "2.39.5" from "git"
2024-11-21 18:24:09.982 [info] [Model][doInitialScan] Initial repository scan started
2024-11-21 18:24:10.031 [info] > git rev-parse --show-toplevel [20ms]
2024-11-21 18:24:10.031 [info] fatal: not a git repository (or any parent up to mount point /)
Stopping at filesystem boundary (GIT_DISCOVERY_ACROSS_FILESYSTEM not set).
2024-11-21 18:24:10.031 [info] [Model][doInitialScan] Initial repository scan completed - repositories (0), closed repositories (0), parent repositories (0), unsafe repositories (0)
2024-11-21 18:25:37.874 [info] [main] Log level: Info
2024-11-21 18:25:37.874 [info] [main] Validating found git in: "git"
2024-11-21 18:25:38.091 [info] [main] Using git "2.39.5" from "git"
2024-11-21 18:25:38.091 [info] [Model][doInitialScan] Initial repository scan started
2024-11-21 18:25:38.136 [info] > git rev-parse --show-toplevel [16ms]
2024-11-21 18:25:38.136 [info] fatal: not a git repository (or any of the parent directories): .git
2024-11-21 18:25:38.296 [info] > git rev-parse --show-toplevel [5ms]
2024-11-21 18:25:38.296 [info] fatal: not a git repository (or any of the parent directories): .git
2024-11-21 18:25:38.536 [info] > git rev-parse --show-toplevel [3ms]
2024-11-21 18:25:38.536 [info] fatal: not a git repository (or any of the parent directories): .git
2024-11-21 18:25:38.546 [info] > git rev-parse --show-toplevel [2ms]
2024-11-21 18:25:38.547 [info] fatal: not a git repository (or any of the parent directories): .git
2024-11-21 18:25:38.555 [info] > git rev-parse --show-toplevel [2ms]
2024-11-21 18:25:38.555 [info] fatal: not a git repository (or any of the parent directories): .git
2024-11-21 18:25:38.567 [info] > git rev-parse --show-toplevel [2ms]
2024-11-21 18:25:38.568 [info] fatal: not a git repository (or any of the parent directories): .git
2024-11-21 18:25:38.583 [info] > git rev-parse --show-toplevel [3ms]
2024-11-21 18:25:38.583 [info] fatal: not a git repository (or any of the parent directories): .git
2024-11-21 18:25:38.594 [info] > git rev-parse --show-toplevel [3ms]
2024-11-21 18:25:38.594 [info] fatal: not a git repository (or any of the parent directories): .git
2024-11-21 18:25:38.602 [info] > git rev-parse --show-toplevel [2ms]
2024-11-21 18:25:38.603 [info] fatal: not a git repository (or any of the parent directories): .git
2024-11-21 18:25:38.612 [info] > git rev-parse --show-toplevel [2ms]
2024-11-21 18:25:38.612 [info] fatal: not a git repository (or any of the parent directories): .git
2024-11-21 18:25:38.622 [info] > git rev-parse --show-toplevel [2ms]
2024-11-21 18:25:38.622 [info] fatal: not a git repository (or any of the parent directories): .git
2024-11-21 18:25:38.632 [info] > git rev-parse --show-toplevel [1ms]
2024-11-21 18:25:38.632 [info] fatal: not a git repository (or any of the parent directories): .git
2024-11-21 18:25:38.644 [info] > git rev-parse --show-toplevel [2ms]
2024-11-21 18:25:38.644 [info] fatal: not a git repository (or any of the parent directories): .git
2024-11-21 18:25:38.652 [info] > git rev-parse --show-toplevel [1ms]
2024-11-21 18:25:38.652 [info] fatal: not a git repository (or any of the parent directories): .git
2024-11-21 18:25:38.660 [info] > git rev-parse --show-toplevel [2ms]
2024-11-21 18:25:38.661 [info] fatal: not a git repository (or any of the parent directories): .git
2024-11-21 18:25:38.668 [info] > git rev-parse --show-toplevel [2ms]
2024-11-21 18:25:38.668 [info] fatal: not a git repository (or any of the parent directories): .git
2024-11-21 18:25:38.678 [info] > git rev-parse --show-toplevel [3ms]
2024-11-21 18:25:38.678 [info] fatal: not a git repository (or any of the parent directories): .git
2024-11-21 18:25:38.685 [info] > git rev-parse --show-toplevel [1ms]
2024-11-21 18:25:38.686 [info] fatal: not a git repository (or any of the parent directories): .git
2024-11-21 18:25:38.695 [info] > git rev-parse --show-toplevel [2ms]
2024-11-21 18:25:38.695 [info] fatal: not a git repository (or any of the parent directories): .git
2024-11-21 18:25:38.703 [info] > git rev-parse --show-toplevel [2ms]
2024-11-21 18:25:38.703 [info] fatal: not a git repository (or any of the parent directories): .git
2024-11-21 18:25:38.712 [info] > git rev-parse --show-toplevel [2ms]
2024-11-21 18:25:38.712 [info] fatal: not a git repository (or any of the parent directories): .git
2024-11-21 18:25:38.719 [info] > git rev-parse --show-toplevel [1ms]
2024-11-21 18:25:38.720 [info] fatal: not a git repository (or any of the parent directories): .git
2024-11-21 18:25:38.720 [info] [Model][doInitialScan] Initial repository scan completed - repositories (0), closed repositories (0), parent repositories (0), unsafe repositories (0)
2024-11-21 18:26:12.355 [info] > git rev-parse --show-toplevel [3ms]
2024-11-21 18:26:12.355 [info] fatal: not a git repository (or any of the parent directories): .git
