2024-11-21 18:32:33.675 [info] Added views:outline in workbench.view.explorer
2024-11-21 18:32:33.675 [info] Added views:workbench.view.search in workbench.view.search
2024-11-21 18:32:33.675 [info] Added views:workbench.scm in workbench.view.scm
2024-11-21 18:32:33.676 [info] Added views:workbench.panel.markers.view in workbench.panel.markers
2024-11-21 18:32:33.676 [info] Added views:workbench.panel.output in workbench.panel.output
2024-11-21 18:32:33.676 [info] Added views:terminal in terminal
2024-11-21 18:32:33.676 [info] Added views:timeline in workbench.view.explorer
2024-11-21 18:32:33.677 [info] Added views:workbench.explorer.emptyView in workbench.view.explorer
2024-11-21 18:32:34.486 [info] Added views:workbench.debug.variablesView,workbench.debug.watchExpressionsView,workbench.debug.callStackView,workbench.debug.breakPointsView in workbench.view.debug
2024-11-21 18:32:35.023 [info] Added views:~remote.forwardedPorts in ~remote.forwardedPortsContainer
2024-11-21 18:32:38.657 [info] Added views:workbench.panel.repl.view in workbench.panel.repl
2024-11-21 18:32:38.660 [info] Removed views:workbench.debug.breakPointsView,workbench.debug.callStackView,workbench.debug.watchExpressionsView,workbench.debug.variablesView from workbench.view.debug
2024-11-21 18:32:38.661 [info] Added views:workbench.debug.welcome in workbench.view.debug
2024-11-21 18:32:45.911 [info] Added views:outline in workbench.view.explorer
2024-11-21 18:32:45.911 [info] Added views:workbench.view.search in workbench.view.search
2024-11-21 18:32:45.912 [info] Added views:workbench.scm in workbench.view.scm
2024-11-21 18:32:45.912 [info] Added views:workbench.panel.markers.view in workbench.panel.markers
2024-11-21 18:32:45.912 [info] Added views:workbench.panel.output in workbench.panel.output
2024-11-21 18:32:45.912 [info] Added views:terminal in terminal
2024-11-21 18:32:45.912 [info] Added views:timeline in workbench.view.explorer
2024-11-21 18:32:45.912 [info] Added views:workbench.explorer.fileView in workbench.view.explorer
2024-11-21 18:32:47.282 [info] Added views:workbench.debug.variablesView,workbench.debug.watchExpressionsView,workbench.debug.callStackView,workbench.debug.breakPointsView in workbench.view.debug
2024-11-21 18:32:47.802 [info] Added views:~remote.forwardedPorts in ~remote.forwardedPortsContainer
2024-11-21 18:32:48.084 [info] Added views:workbench.panel.repl.view in workbench.panel.repl
2024-11-21 18:32:48.089 [info] Removed views:workbench.debug.breakPointsView,workbench.debug.callStackView,workbench.debug.watchExpressionsView,workbench.debug.variablesView from workbench.view.debug
2024-11-21 18:32:48.091 [info] Added views:workbench.debug.welcome in workbench.view.debug
