2024-11-21 18:30:44.940 [info] Extension host with pid 271517 started
2024-11-21 18:30:45.534 [info] ExtensionService#_doActivateExtension vscode.git-base, startup: true, activationEvent: '*', root cause: vscode.git
2024-11-21 18:30:45.692 [info] ExtensionService#_doActivateExtension vscode.git, startup: true, activationEvent: '*'
2024-11-21 18:30:45.860 [info] ExtensionService#_doActivateExtension vscode.github, startup: true, activationEvent: '*'
2024-11-21 18:30:45.994 [info] Eager extensions activated
2024-11-21 18:30:46.054 [info] ExtensionService#_doActivateExtension vscode.debug-auto-launch, startup: false, activationEvent: 'onStartupFinished'
2024-11-21 18:30:46.059 [info] ExtensionService#_doActivateExtension vscode.merge-conflict, startup: false, activationEvent: 'onStartupFinished'
2024-11-21 18:31:31.390 [info] Extension host terminating: renderer closed the MessagePort
2024-11-21 18:31:31.402 [info] Extension host with pid 271517 exiting with code 0
2024-11-21 18:31:34.399 [info] Extension host with pid 271772 started
2024-11-21 18:31:34.399 [info] Skipping acquiring lock for /home/labib/.config/VSCodium/User/workspaceStorage/d15425694352b402ec7db906b0bae0f4.
2024-11-21 18:31:34.547 [info] ExtensionService#_doActivateExtension vscode.git-base, startup: true, activationEvent: '*', root cause: vscode.git
2024-11-21 18:31:34.572 [info] ExtensionService#_doActivateExtension vscode.git, startup: true, activationEvent: '*'
2024-11-21 18:31:34.737 [info] ExtensionService#_doActivateExtension vscode.github, startup: true, activationEvent: '*'
2024-11-21 18:31:34.910 [info] Eager extensions activated
2024-11-21 18:31:34.966 [info] ExtensionService#_doActivateExtension vscode.debug-auto-launch, startup: false, activationEvent: 'onStartupFinished'
2024-11-21 18:31:34.971 [info] ExtensionService#_doActivateExtension vscode.merge-conflict, startup: false, activationEvent: 'onStartupFinished'
2024-11-21 18:31:45.961 [info] ExtensionService#_doActivateExtension vscode.emmet, startup: false, activationEvent: 'onLanguage'
2024-11-21 18:38:28.179 [info] Extension host terminating: renderer closed the MessagePort
2024-11-21 18:38:28.269 [info] Extension host with pid 271772 exiting with code 0
