2024-11-26 18:59:38.880 [info] Added views:outline in workbench.view.explorer
2024-11-26 18:59:38.880 [info] Added views:workbench.view.search in workbench.view.search
2024-11-26 18:59:38.880 [info] Added views:workbench.scm in workbench.view.scm
2024-11-26 18:59:38.880 [info] Added views:workbench.panel.markers.view in workbench.panel.markers
2024-11-26 18:59:38.880 [info] Added views:workbench.panel.output in workbench.panel.output
2024-11-26 18:59:38.880 [info] Added views:terminal in terminal
2024-11-26 18:59:38.880 [info] Added views:timeline in workbench.view.explorer
2024-11-26 18:59:38.880 [info] Added views:workbench.explorer.emptyView in workbench.view.explorer
2024-11-26 18:59:40.056 [info] Added views:workbench.debug.variablesView,workbench.debug.watchExpressionsView,workbench.debug.callStackView,workbench.debug.breakPointsView in workbench.view.debug
2024-11-26 18:59:40.440 [info] Added views:workbench.panel.repl.view in workbench.panel.repl
2024-11-26 18:59:40.444 [info] Removed views:workbench.debug.breakPointsView,workbench.debug.callStackView,workbench.debug.watchExpressionsView,workbench.debug.variablesView from workbench.view.debug
2024-11-26 18:59:40.445 [info] Added views:workbench.debug.welcome in workbench.view.debug
2024-11-26 18:59:40.548 [info] Added views:~remote.forwardedPorts in ~remote.forwardedPortsContainer
2024-11-26 19:01:10.461 [info] Added views:outline in workbench.view.explorer
2024-11-26 19:01:10.461 [info] Added views:workbench.view.search in workbench.view.search
2024-11-26 19:01:10.461 [info] Added views:workbench.scm in workbench.view.scm
2024-11-26 19:01:10.461 [info] Added views:workbench.panel.markers.view in workbench.panel.markers
2024-11-26 19:01:10.461 [info] Added views:workbench.panel.output in workbench.panel.output
2024-11-26 19:01:10.461 [info] Added views:terminal in terminal
2024-11-26 19:01:10.461 [info] Added views:timeline in workbench.view.explorer
2024-11-26 19:01:10.461 [info] Added views:workbench.explorer.fileView in workbench.view.explorer
2024-11-26 19:01:11.587 [info] Added views:workbench.debug.welcome in workbench.view.debug
2024-11-26 19:01:12.073 [info] Added views:workbench.panel.repl.view in workbench.panel.repl
2024-11-26 19:01:12.317 [info] Added views:~remote.forwardedPorts in ~remote.forwardedPortsContainer
