2024-11-21 18:32:38.893 [info] [main] Log level: Info
2024-11-21 18:32:38.893 [info] [main] Validating found git in: "git"
2024-11-21 18:32:39.013 [info] [main] Using git "2.39.5" from "git"
2024-11-21 18:32:39.013 [info] [Model][doInitialScan] Initial repository scan started
2024-11-21 18:32:39.015 [info] [Model][doInitialScan] Initial repository scan completed - repositories (0), closed repositories (0), parent repositories (0), unsafe repositories (0)
2024-11-21 18:32:48.702 [info] [main] Log level: Info
2024-11-21 18:32:48.740 [info] [main] Validating found git in: "git"
2024-11-21 18:32:49.438 [info] [main] Using git "2.39.5" from "git"
2024-11-21 18:32:49.438 [info] [Model][doInitialScan] Initial repository scan started
2024-11-21 18:32:49.599 [info] > git rev-parse --show-toplevel [113ms]
2024-11-21 18:32:49.600 [info] fatal: not a git repository (or any of the parent directories): .git
2024-11-21 18:32:49.658 [info] > git rev-parse --show-toplevel [5ms]
2024-11-21 18:32:49.658 [info] fatal: not a git repository (or any of the parent directories): .git
2024-11-21 18:32:49.676 [info] > git rev-parse --show-toplevel [5ms]
2024-11-21 18:32:49.677 [info] fatal: not a git repository (or any of the parent directories): .git
2024-11-21 18:32:49.697 [info] > git rev-parse --show-toplevel [9ms]
2024-11-21 18:32:49.698 [info] fatal: not a git repository (or any of the parent directories): .git
2024-11-21 18:32:49.717 [info] > git rev-parse --show-toplevel [7ms]
2024-11-21 18:32:49.717 [info] fatal: not a git repository (or any of the parent directories): .git
2024-11-21 18:32:49.737 [info] > git rev-parse --show-toplevel [10ms]
2024-11-21 18:32:49.737 [info] fatal: not a git repository (or any of the parent directories): .git
2024-11-21 18:32:49.752 [info] > git rev-parse --show-toplevel [4ms]
2024-11-21 18:32:49.752 [info] fatal: not a git repository (or any of the parent directories): .git
2024-11-21 18:32:49.766 [info] > git rev-parse --show-toplevel [4ms]
2024-11-21 18:32:49.766 [info] fatal: not a git repository (or any of the parent directories): .git
2024-11-21 18:32:49.786 [info] > git rev-parse --show-toplevel [9ms]
2024-11-21 18:32:49.786 [info] fatal: not a git repository (or any of the parent directories): .git
2024-11-21 18:32:49.802 [info] > git rev-parse --show-toplevel [4ms]
2024-11-21 18:32:49.802 [info] fatal: not a git repository (or any of the parent directories): .git
2024-11-21 18:32:49.866 [info] > git rev-parse --show-toplevel [39ms]
2024-11-21 18:32:49.866 [info] fatal: not a git repository (or any of the parent directories): .git
2024-11-21 18:32:49.904 [info] > git rev-parse --show-toplevel [8ms]
2024-11-21 18:32:49.904 [info] fatal: not a git repository (or any of the parent directories): .git
2024-11-21 18:32:49.925 [info] > git rev-parse --show-toplevel [4ms]
2024-11-21 18:32:49.925 [info] fatal: not a git repository (or any of the parent directories): .git
2024-11-21 18:32:49.942 [info] > git rev-parse --show-toplevel [4ms]
2024-11-21 18:32:49.942 [info] fatal: not a git repository (or any of the parent directories): .git
2024-11-21 18:32:49.961 [info] > git rev-parse --show-toplevel [5ms]
2024-11-21 18:32:49.961 [info] fatal: not a git repository (or any of the parent directories): .git
2024-11-21 18:32:50.001 [info] > git rev-parse --show-toplevel [6ms]
2024-11-21 18:32:50.001 [info] fatal: not a git repository (or any of the parent directories): .git
2024-11-21 18:32:50.016 [info] > git rev-parse --show-toplevel [5ms]
2024-11-21 18:32:50.016 [info] fatal: not a git repository (or any of the parent directories): .git
2024-11-21 18:32:50.036 [info] > git rev-parse --show-toplevel [4ms]
2024-11-21 18:32:50.037 [info] fatal: not a git repository (or any of the parent directories): .git
2024-11-21 18:32:50.053 [info] > git rev-parse --show-toplevel [6ms]
2024-11-21 18:32:50.053 [info] fatal: not a git repository (or any of the parent directories): .git
2024-11-21 18:32:50.069 [info] > git rev-parse --show-toplevel [3ms]
2024-11-21 18:32:50.069 [info] fatal: not a git repository (or any of the parent directories): .git
2024-11-21 18:32:50.082 [info] > git rev-parse --show-toplevel [4ms]
2024-11-21 18:32:50.083 [info] fatal: not a git repository (or any of the parent directories): .git
2024-11-21 18:32:50.094 [info] > git rev-parse --show-toplevel [2ms]
2024-11-21 18:32:50.095 [info] fatal: not a git repository (or any of the parent directories): .git
2024-11-21 18:32:50.114 [info] > git rev-parse --show-toplevel [2ms]
2024-11-21 18:32:50.114 [info] fatal: not a git repository (or any of the parent directories): .git
2024-11-21 18:32:50.131 [info] > git rev-parse --show-toplevel [4ms]
2024-11-21 18:32:50.131 [info] fatal: not a git repository (or any of the parent directories): .git
2024-11-21 18:32:50.148 [info] > git rev-parse --show-toplevel [3ms]
2024-11-21 18:32:50.148 [info] fatal: not a git repository (or any of the parent directories): .git
2024-11-21 18:32:50.162 [info] > git rev-parse --show-toplevel [2ms]
2024-11-21 18:32:50.162 [info] fatal: not a git repository (or any of the parent directories): .git
2024-11-21 18:32:50.177 [info] > git rev-parse --show-toplevel [3ms]
2024-11-21 18:32:50.177 [info] fatal: not a git repository (or any of the parent directories): .git
2024-11-21 18:32:50.188 [info] > git rev-parse --show-toplevel [2ms]
2024-11-21 18:32:50.188 [info] fatal: not a git repository (or any of the parent directories): .git
2024-11-21 18:32:50.199 [info] > git rev-parse --show-toplevel [3ms]
2024-11-21 18:32:50.199 [info] fatal: not a git repository (or any of the parent directories): .git
2024-11-21 18:32:50.208 [info] > git rev-parse --show-toplevel [2ms]
2024-11-21 18:32:50.208 [info] fatal: not a git repository (or any of the parent directories): .git
2024-11-21 18:32:50.219 [info] > git rev-parse --show-toplevel [2ms]
2024-11-21 18:32:50.219 [info] fatal: not a git repository (or any of the parent directories): .git
2024-11-21 18:32:50.228 [info] > git rev-parse --show-toplevel [2ms]
2024-11-21 18:32:50.229 [info] fatal: not a git repository (or any of the parent directories): .git
2024-11-21 18:32:50.240 [info] > git rev-parse --show-toplevel [2ms]
2024-11-21 18:32:50.240 [info] fatal: not a git repository (or any of the parent directories): .git
2024-11-21 18:32:50.254 [info] > git rev-parse --show-toplevel [2ms]
2024-11-21 18:32:50.254 [info] fatal: not a git repository (or any of the parent directories): .git
2024-11-21 18:32:50.264 [info] > git rev-parse --show-toplevel [3ms]
2024-11-21 18:32:50.264 [info] fatal: not a git repository (or any of the parent directories): .git
2024-11-21 18:32:50.276 [info] > git rev-parse --show-toplevel [3ms]
2024-11-21 18:32:50.276 [info] fatal: not a git repository (or any of the parent directories): .git
2024-11-21 18:32:50.286 [info] > git rev-parse --show-toplevel [1ms]
2024-11-21 18:32:50.286 [info] fatal: not a git repository (or any of the parent directories): .git
2024-11-21 18:32:50.294 [info] > git rev-parse --show-toplevel [2ms]
2024-11-21 18:32:50.294 [info] fatal: not a git repository (or any of the parent directories): .git
2024-11-21 18:32:50.304 [info] > git rev-parse --show-toplevel [2ms]
2024-11-21 18:32:50.304 [info] fatal: not a git repository (or any of the parent directories): .git
2024-11-21 18:32:50.314 [info] > git rev-parse --show-toplevel [2ms]
2024-11-21 18:32:50.314 [info] fatal: not a git repository (or any of the parent directories): .git
2024-11-21 18:32:50.322 [info] > git rev-parse --show-toplevel [2ms]
2024-11-21 18:32:50.322 [info] fatal: not a git repository (or any of the parent directories): .git
2024-11-21 18:32:50.323 [info] [Model][doInitialScan] Initial repository scan completed - repositories (0), closed repositories (0), parent repositories (0), unsafe repositories (0)
2024-11-21 18:34:16.896 [info] > git rev-parse --show-toplevel [2ms]
2024-11-21 18:34:16.897 [info] fatal: not a git repository (or any of the parent directories): .git
